<?xml version="1.0" encoding="UTF-8"?>
<testng-results ignored="0" total="1" passed="1" failed="0" skipped="0">
  <reporter-output>
  </reporter-output>
  <suite started-at="2022-05-14T01:01:14 CEST" name="Default suite" finished-at="2022-05-14T01:01:16 CEST" duration-ms="2423">
    <groups>
    </groups>
    <test started-at="2022-05-14T01:01:14 CEST" name="Default test" finished-at="2022-05-14T01:01:16 CEST" duration-ms="2423">
      <class name="driver.Test.TestSelenium">
        <test-method signature="start()[pri:0, instance:driver.Test.TestSelenium@4f209819]" started-at="2022-05-14T01:01:14 CEST" name="start" finished-at="2022-05-14T01:01:16 CEST" duration-ms="2399" status="PASS">
          <reporter-output>
          </reporter-output>
        </test-method> <!-- start -->
      </class> <!-- driver.Test.TestSelenium -->
    </test> <!-- Default test -->
  </suite> <!-- Default suite -->
</testng-results>
